1762503457.180478 client started (3348): version 3.5a, socket /tmp/tmux-1000/default, protocol 8
1762503457.180529 on Linux 6.17.7-arch1-1 #1 SMP PREEMPT_DYNAMIC Sun, 02 Nov 2025 17:27:22 +0000
1762503457.180536 using libevent 2.1.12-stable poll
1762503457.180541 using ncurses 6.5 20240427
1762503457.180572 flags are 0x18010000
1762503457.180590 socket is /tmp/tmux-1000/default
1762503457.180605 trying connect
1762503457.180754 add peer 0x55f1a78da6e0: 6 ((nil))
1762503457.181338 sending message 111 to peer 0x55f1a78da6e0 (8 bytes)
1762503457.181350 sending message 111 to peer 0x55f1a78da6e0 (8 bytes)
1762503457.181356 sending message 101 to peer 0x55f1a78da6e0 (10 bytes)
1762503457.181361 sending message 109 to peer 0x55f1a78da6e0 (4 bytes)
1762503457.181366 sending message 102 to peer 0x55f1a78da6e0 (11 bytes)
1762503457.181371 sending message 108 to peer 0x55f1a78da6e0 (23 bytes)
1762503457.181376 sending message 112 to peer 0x55f1a78da6e0 (58 bytes)
1762503457.181381 sending message 112 to peer 0x55f1a78da6e0 (5 bytes)
1762503457.181386 sending message 112 to peer 0x55f1a78da6e0 (5 bytes)
1762503457.181390 sending message 112 to peer 0x55f1a78da6e0 (6 bytes)
1762503457.181395 sending message 112 to peer 0x55f1a78da6e0 (6 bytes)
1762503457.181400 sending message 112 to peer 0x55f1a78da6e0 (11 bytes)
1762503457.181405 sending message 112 to peer 0x55f1a78da6e0 (10 bytes)
1762503457.181409 sending message 112 to peer 0x55f1a78da6e0 (13 bytes)
1762503457.181414 sending message 112 to peer 0x55f1a78da6e0 (14 bytes)
1762503457.181419 sending message 112 to peer 0x55f1a78da6e0 (19 bytes)
1762503457.181424 sending message 112 to peer 0x55f1a78da6e0 (11 bytes)
1762503457.181429 sending message 112 to peer 0x55f1a78da6e0 (10 bytes)
1762503457.181434 sending message 112 to peer 0x55f1a78da6e0 (15 bytes)
1762503457.181438 sending message 112 to peer 0x55f1a78da6e0 (21 bytes)
1762503457.181443 sending message 112 to peer 0x55f1a78da6e0 (13 bytes)
1762503457.181448 sending message 112 to peer 0x55f1a78da6e0 (7 bytes)
1762503457.181453 sending message 112 to peer 0x55f1a78da6e0 (13 bytes)
1762503457.181457 sending message 112 to peer 0x55f1a78da6e0 (7 bytes)
1762503457.181462 sending message 112 to peer 0x55f1a78da6e0 (13 bytes)
1762503457.181467 sending message 112 to peer 0x55f1a78da6e0 (9 bytes)
1762503457.181471 sending message 112 to peer 0x55f1a78da6e0 (21 bytes)
1762503457.181476 sending message 112 to peer 0x55f1a78da6e0 (13 bytes)
1762503457.181481 sending message 112 to peer 0x55f1a78da6e0 (9 bytes)
1762503457.181485 sending message 112 to peer 0x55f1a78da6e0 (16 bytes)
1762503457.181490 sending message 112 to peer 0x55f1a78da6e0 (13 bytes)
1762503457.181495 sending message 112 to peer 0x55f1a78da6e0 (9 bytes)
1762503457.181499 sending message 112 to peer 0x55f1a78da6e0 (9 bytes)
1762503457.181504 sending message 112 to peer 0x55f1a78da6e0 (12 bytes)
1762503457.181509 sending message 112 to peer 0x55f1a78da6e0 (8 bytes)
1762503457.181514 sending message 112 to peer 0x55f1a78da6e0 (8 bytes)
1762503457.181518 sending message 112 to peer 0x55f1a78da6e0 (13 bytes)
1762503457.181523 sending message 112 to peer 0x55f1a78da6e0 (7 bytes)
1762503457.181528 sending message 112 to peer 0x55f1a78da6e0 (7 bytes)
1762503457.181533 sending message 112 to peer 0x55f1a78da6e0 (9 bytes)
1762503457.181537 sending message 112 to peer 0x55f1a78da6e0 (6 bytes)
1762503457.181542 sending message 112 to peer 0x55f1a78da6e0 (9 bytes)
1762503457.181546 sending message 112 to peer 0x55f1a78da6e0 (15 bytes)
1762503457.181551 sending message 112 to peer 0x55f1a78da6e0 (13 bytes)
1762503457.181556 sending message 112 to peer 0x55f1a78da6e0 (12 bytes)
1762503457.181561 sending message 112 to peer 0x55f1a78da6e0 (8 bytes)
1762503457.181566 sending message 112 to peer 0x55f1a78da6e0 (14 bytes)
1762503457.181571 sending message 112 to peer 0x55f1a78da6e0 (11 bytes)
1762503457.181575 sending message 112 to peer 0x55f1a78da6e0 (9 bytes)
1762503457.181580 sending message 112 to peer 0x55f1a78da6e0 (10 bytes)
1762503457.181585 sending message 112 to peer 0x55f1a78da6e0 (10 bytes)
1762503457.181602 sending message 112 to peer 0x55f1a78da6e0 (10 bytes)
1762503457.181608 sending message 112 to peer 0x55f1a78da6e0 (10 bytes)
1762503457.181613 sending message 112 to peer 0x55f1a78da6e0 (11 bytes)
1762503457.181618 sending message 112 to peer 0x55f1a78da6e0 (12 bytes)
1762503457.181623 sending message 112 to peer 0x55f1a78da6e0 (12 bytes)
1762503457.181627 sending message 112 to peer 0x55f1a78da6e0 (12 bytes)
1762503457.181632 sending message 112 to peer 0x55f1a78da6e0 (12 bytes)
1762503457.181637 sending message 112 to peer 0x55f1a78da6e0 (12 bytes)
1762503457.181642 sending message 112 to peer 0x55f1a78da6e0 (11 bytes)
1762503457.181646 sending message 112 to peer 0x55f1a78da6e0 (11 bytes)
1762503457.181651 sending message 112 to peer 0x55f1a78da6e0 (12 bytes)
1762503457.181656 sending message 112 to peer 0x55f1a78da6e0 (12 bytes)
1762503457.181661 sending message 112 to peer 0x55f1a78da6e0 (12 bytes)
1762503457.181665 sending message 112 to peer 0x55f1a78da6e0 (12 bytes)
1762503457.181670 sending message 112 to peer 0x55f1a78da6e0 (12 bytes)
1762503457.181675 sending message 112 to peer 0x55f1a78da6e0 (9 bytes)
1762503457.181680 sending message 112 to peer 0x55f1a78da6e0 (12 bytes)
1762503457.181684 sending message 112 to peer 0x55f1a78da6e0 (13 bytes)
1762503457.181689 sending message 112 to peer 0x55f1a78da6e0 (13 bytes)
1762503457.181694 sending message 112 to peer 0x55f1a78da6e0 (13 bytes)
1762503457.181698 sending message 112 to peer 0x55f1a78da6e0 (13 bytes)
1762503457.181703 sending message 112 to peer 0x55f1a78da6e0 (13 bytes)
1762503457.181708 sending message 112 to peer 0x55f1a78da6e0 (8 bytes)
1762503457.181713 sending message 112 to peer 0x55f1a78da6e0 (11 bytes)
1762503457.181717 sending message 112 to peer 0x55f1a78da6e0 (11 bytes)
1762503457.181722 sending message 112 to peer 0x55f1a78da6e0 (11 bytes)
1762503457.181727 sending message 112 to peer 0x55f1a78da6e0 (12 bytes)
1762503457.181732 sending message 112 to peer 0x55f1a78da6e0 (12 bytes)
1762503457.181736 sending message 112 to peer 0x55f1a78da6e0 (12 bytes)
1762503457.181741 sending message 112 to peer 0x55f1a78da6e0 (12 bytes)
1762503457.181746 sending message 112 to peer 0x55f1a78da6e0 (13 bytes)
1762503457.181751 sending message 112 to peer 0x55f1a78da6e0 (13 bytes)
1762503457.181755 sending message 112 to peer 0x55f1a78da6e0 (13 bytes)
1762503457.181760 sending message 112 to peer 0x55f1a78da6e0 (8 bytes)
1762503457.181765 sending message 112 to peer 0x55f1a78da6e0 (13 bytes)
1762503457.181769 sending message 112 to peer 0x55f1a78da6e0 (13 bytes)
1762503457.181774 sending message 112 to peer 0x55f1a78da6e0 (13 bytes)
1762503457.181779 sending message 112 to peer 0x55f1a78da6e0 (13 bytes)
1762503457.181783 sending message 112 to peer 0x55f1a78da6e0 (13 bytes)
1762503457.181788 sending message 112 to peer 0x55f1a78da6e0 (12 bytes)
1762503457.181793 sending message 112 to peer 0x55f1a78da6e0 (12 bytes)
1762503457.181811 sending message 112 to peer 0x55f1a78da6e0 (12 bytes)
1762503457.181824 sending message 112 to peer 0x55f1a78da6e0 (12 bytes)
1762503457.181829 sending message 112 to peer 0x55f1a78da6e0 (13 bytes)
1762503457.181834 sending message 112 to peer 0x55f1a78da6e0 (8 bytes)
1762503457.181839 sending message 112 to peer 0x55f1a78da6e0 (13 bytes)
1762503457.181844 sending message 112 to peer 0x55f1a78da6e0 (13 bytes)
1762503457.181849 sending message 112 to peer 0x55f1a78da6e0 (13 bytes)
1762503457.181854 sending message 112 to peer 0x55f1a78da6e0 (13 bytes)
1762503457.181859 sending message 112 to peer 0x55f1a78da6e0 (13 bytes)
1762503457.181864 sending message 112 to peer 0x55f1a78da6e0 (13 bytes)
1762503457.181868 sending message 112 to peer 0x55f1a78da6e0 (13 bytes)
1762503457.181873 sending message 112 to peer 0x55f1a78da6e0 (12 bytes)
1762503457.181878 sending message 112 to peer 0x55f1a78da6e0 (12 bytes)
1762503457.181882 sending message 112 to peer 0x55f1a78da6e0 (12 bytes)
1762503457.181887 sending message 112 to peer 0x55f1a78da6e0 (8 bytes)
1762503457.181892 sending message 112 to peer 0x55f1a78da6e0 (12 bytes)
1762503457.181904 sending message 112 to peer 0x55f1a78da6e0 (13 bytes)
1762503457.181909 sending message 112 to peer 0x55f1a78da6e0 (13 bytes)
1762503457.181914 sending message 112 to peer 0x55f1a78da6e0 (13 bytes)
1762503457.181919 sending message 112 to peer 0x55f1a78da6e0 (13 bytes)
1762503457.181924 sending message 112 to peer 0x55f1a78da6e0 (13 bytes)
1762503457.181929 sending message 112 to peer 0x55f1a78da6e0 (13 bytes)
1762503457.181934 sending message 112 to peer 0x55f1a78da6e0 (13 bytes)
1762503457.181938 sending message 112 to peer 0x55f1a78da6e0 (13 bytes)
1762503457.181943 sending message 112 to peer 0x55f1a78da6e0 (12 bytes)
1762503457.181948 sending message 112 to peer 0x55f1a78da6e0 (10 bytes)
1762503457.181953 sending message 112 to peer 0x55f1a78da6e0 (12 bytes)
1762503457.181958 sending message 112 to peer 0x55f1a78da6e0 (12 bytes)
1762503457.181962 sending message 112 to peer 0x55f1a78da6e0 (12 bytes)
1762503457.181967 sending message 112 to peer 0x55f1a78da6e0 (13 bytes)
1762503457.181972 sending message 112 to peer 0x55f1a78da6e0 (13 bytes)
1762503457.181977 sending message 112 to peer 0x55f1a78da6e0 (13 bytes)
1762503457.181981 sending message 112 to peer 0x55f1a78da6e0 (13 bytes)
1762503457.181986 sending message 112 to peer 0x55f1a78da6e0 (13 bytes)
1762503457.181991 sending message 112 to peer 0x55f1a78da6e0 (13 bytes)
1762503457.181996 sending message 112 to peer 0x55f1a78da6e0 (13 bytes)
1762503457.182000 sending message 112 to peer 0x55f1a78da6e0 (10 bytes)
1762503457.182005 sending message 112 to peer 0x55f1a78da6e0 (13 bytes)
1762503457.182010 sending message 112 to peer 0x55f1a78da6e0 (12 bytes)
1762503457.182015 sending message 112 to peer 0x55f1a78da6e0 (12 bytes)
1762503457.182019 sending message 112 to peer 0x55f1a78da6e0 (12 bytes)
1762503457.182024 sending message 112 to peer 0x55f1a78da6e0 (10 bytes)
1762503457.182029 sending message 112 to peer 0x55f1a78da6e0 (10 bytes)
1762503457.182033 sending message 112 to peer 0x55f1a78da6e0 (10 bytes)
1762503457.182038 sending message 112 to peer 0x55f1a78da6e0 (12 bytes)
1762503457.182043 sending message 112 to peer 0x55f1a78da6e0 (13 bytes)
1762503457.182048 sending message 112 to peer 0x55f1a78da6e0 (13 bytes)
1762503457.182052 sending message 112 to peer 0x55f1a78da6e0 (13 bytes)
1762503457.182057 sending message 112 to peer 0x55f1a78da6e0 (13 bytes)
1762503457.182062 sending message 112 to peer 0x55f1a78da6e0 (13 bytes)
1762503457.182066 sending message 112 to peer 0x55f1a78da6e0 (10 bytes)
1762503457.182071 sending message 112 to peer 0x55f1a78da6e0 (11 bytes)
1762503457.182076 sending message 112 to peer 0x55f1a78da6e0 (12 bytes)
1762503457.182081 sending message 112 to peer 0x55f1a78da6e0 (12 bytes)
1762503457.182085 sending message 112 to peer 0x55f1a78da6e0 (12 bytes)
1762503457.182090 sending message 112 to peer 0x55f1a78da6e0 (12 bytes)
1762503457.182095 sending message 112 to peer 0x55f1a78da6e0 (12 bytes)
1762503457.182099 sending message 112 to peer 0x55f1a78da6e0 (11 bytes)
1762503457.182104 sending message 112 to peer 0x55f1a78da6e0 (12 bytes)
1762503457.182109 sending message 112 to peer 0x55f1a78da6e0 (12 bytes)
1762503457.182114 sending message 112 to peer 0x55f1a78da6e0 (13 bytes)
1762503457.182118 sending message 112 to peer 0x55f1a78da6e0 (13 bytes)
1762503457.182123 sending message 112 to peer 0x55f1a78da6e0 (13 bytes)
1762503457.182128 sending message 112 to peer 0x55f1a78da6e0 (13 bytes)
1762503457.182132 sending message 112 to peer 0x55f1a78da6e0 (13 bytes)
1762503457.182137 sending message 112 to peer 0x55f1a78da6e0 (10 bytes)
1762503457.182142 sending message 112 to peer 0x55f1a78da6e0 (9 bytes)
1762503457.182146 sending message 112 to peer 0x55f1a78da6e0 (12 bytes)
1762503457.182151 sending message 112 to peer 0x55f1a78da6e0 (13 bytes)
1762503457.182156 sending message 112 to peer 0x55f1a78da6e0 (13 bytes)
1762503457.182160 sending message 112 to peer 0x55f1a78da6e0 (13 bytes)
1762503457.182165 sending message 112 to peer 0x55f1a78da6e0 (13 bytes)
1762503457.182170 sending message 112 to peer 0x55f1a78da6e0 (13 bytes)
1762503457.182180 sending message 112 to peer 0x55f1a78da6e0 (9 bytes)
1762503457.182185 sending message 112 to peer 0x55f1a78da6e0 (12 bytes)
1762503457.182190 sending message 112 to peer 0x55f1a78da6e0 (13 bytes)
1762503457.182195 sending message 112 to peer 0x55f1a78da6e0 (13 bytes)
1762503457.182200 sending message 112 to peer 0x55f1a78da6e0 (13 bytes)
1762503457.182205 sending message 112 to peer 0x55f1a78da6e0 (13 bytes)
1762503457.182209 sending message 112 to peer 0x55f1a78da6e0 (13 bytes)
1762503457.182214 sending message 112 to peer 0x55f1a78da6e0 (11 bytes)
1762503457.182219 sending message 112 to peer 0x55f1a78da6e0 (12 bytes)
1762503457.182224 sending message 112 to peer 0x55f1a78da6e0 (13 bytes)
1762503457.182228 sending message 112 to peer 0x55f1a78da6e0 (13 bytes)
1762503457.182233 sending message 112 to peer 0x55f1a78da6e0 (13 bytes)
1762503457.182238 sending message 112 to peer 0x55f1a78da6e0 (13 bytes)
1762503457.182242 sending message 112 to peer 0x55f1a78da6e0 (13 bytes)
1762503457.182247 sending message 112 to peer 0x55f1a78da6e0 (11 bytes)
1762503457.182252 sending message 112 to peer 0x55f1a78da6e0 (12 bytes)
1762503457.182256 sending message 112 to peer 0x55f1a78da6e0 (12 bytes)
1762503457.182261 sending message 112 to peer 0x55f1a78da6e0 (12 bytes)
1762503457.182266 sending message 112 to peer 0x55f1a78da6e0 (12 bytes)
1762503457.182270 sending message 112 to peer 0x55f1a78da6e0 (12 bytes)
1762503457.182275 sending message 112 to peer 0x55f1a78da6e0 (21 bytes)
1762503457.182280 sending message 112 to peer 0x55f1a78da6e0 (12 bytes)
1762503457.182285 sending message 112 to peer 0x55f1a78da6e0 (9 bytes)
1762503457.182290 sending message 112 to peer 0x55f1a78da6e0 (6 bytes)
1762503457.182294 sending message 112 to peer 0x55f1a78da6e0 (13 bytes)
1762503457.182299 sending message 112 to peer 0x55f1a78da6e0 (10 bytes)
1762503457.182304 sending message 112 to peer 0x55f1a78da6e0 (24 bytes)
1762503457.182309 sending message 112 to peer 0x55f1a78da6e0 (13 bytes)
1762503457.182314 sending message 112 to peer 0x55f1a78da6e0 (9 bytes)
1762503457.182319 sending message 112 to peer 0x55f1a78da6e0 (70 bytes)
1762503457.182324 sending message 112 to peer 0x55f1a78da6e0 (69 bytes)
1762503457.182328 sending message 112 to peer 0x55f1a78da6e0 (12 bytes)
1762503457.182333 sending message 112 to peer 0x55f1a78da6e0 (10 bytes)
1762503457.182339 sending message 112 to peer 0x55f1a78da6e0 (10 bytes)
1762503457.182344 sending message 112 to peer 0x55f1a78da6e0 (24 bytes)
1762503457.182349 sending message 112 to peer 0x55f1a78da6e0 (13 bytes)
1762503457.182362 sending message 112 to peer 0x55f1a78da6e0 (10 bytes)
1762503457.182370 sending message 112 to peer 0x55f1a78da6e0 (10 bytes)
1762503457.182380 sending message 112 to peer 0x55f1a78da6e0 (17 bytes)
1762503457.182388 sending message 112 to peer 0x55f1a78da6e0 (10 bytes)
1762503457.182396 sending message 112 to peer 0x55f1a78da6e0 (13 bytes)
1762503457.182405 sending message 112 to peer 0x55f1a78da6e0 (9 bytes)
1762503457.182414 sending message 112 to peer 0x55f1a78da6e0 (15 bytes)
1762503457.182424 sending message 112 to peer 0x55f1a78da6e0 (5 bytes)
1762503457.182431 sending message 104 to peer 0x55f1a78da6e0 (0 bytes)
1762503457.182437 sending message 110 to peer 0x55f1a78da6e0 (0 bytes)
1762503457.182443 sending message 107 to peer 0x55f1a78da6e0 (4 bytes)
1762503457.182448 sending message 105 to peer 0x55f1a78da6e0 (16 bytes)
1762503457.182452 sending message 105 to peer 0x55f1a78da6e0 (18 bytes)
1762503457.182457 sending message 105 to peer 0x55f1a78da6e0 (20 bytes)
1762503457.182462 sending message 105 to peer 0x55f1a78da6e0 (41 bytes)
1762503457.182467 sending message 105 to peer 0x55f1a78da6e0 (23 bytes)
1762503457.182471 sending message 105 to peer 0x55f1a78da6e0 (20 bytes)
1762503457.182476 sending message 105 to peer 0x55f1a78da6e0 (24 bytes)
1762503457.182481 sending message 105 to peer 0x55f1a78da6e0 (12 bytes)
1762503457.182486 sending message 105 to peer 0x55f1a78da6e0 (15 bytes)
1762503457.182491 sending message 105 to peer 0x55f1a78da6e0 (27 bytes)
1762503457.182503 sending message 105 to peer 0x55f1a78da6e0 (17 bytes)
1762503457.182508 sending message 105 to peer 0x55f1a78da6e0 (21 bytes)
1762503457.182514 sending message 105 to peer 0x55f1a78da6e0 (38 bytes)
1762503457.182519 sending message 105 to peer 0x55f1a78da6e0 (13 bytes)
1762503457.182524 sending message 105 to peer 0x55f1a78da6e0 (15 bytes)
1762503457.182528 sending message 105 to peer 0x55f1a78da6e0 (20 bytes)
1762503457.182533 sending message 105 to peer 0x55f1a78da6e0 (21 bytes)
1762503457.182538 sending message 105 to peer 0x55f1a78da6e0 (17 bytes)
1762503457.182543 sending message 105 to peer 0x55f1a78da6e0 (55 bytes)
1762503457.182548 sending message 105 to peer 0x55f1a78da6e0 (23 bytes)
1762503457.182553 sending message 105 to peer 0x55f1a78da6e0 (15 bytes)
1762503457.182558 sending message 105 to peer 0x55f1a78da6e0 (30 bytes)
1762503457.182563 sending message 105 to peer 0x55f1a78da6e0 (14 bytes)
1762503457.182568 sending message 105 to peer 0x55f1a78da6e0 (11 bytes)
1762503457.182573 sending message 105 to peer 0x55f1a78da6e0 (8 bytes)
1762503457.182577 sending message 105 to peer 0x55f1a78da6e0 (25 bytes)
1762503457.182582 sending message 105 to peer 0x55f1a78da6e0 (27 bytes)
1762503457.182587 sending message 105 to peer 0x55f1a78da6e0 (11 bytes)
1762503457.182592 sending message 105 to peer 0x55f1a78da6e0 (17 bytes)
1762503457.182597 sending message 105 to peer 0x55f1a78da6e0 (31 bytes)
1762503457.182601 sending message 105 to peer 0x55f1a78da6e0 (50 bytes)
1762503457.182606 sending message 105 to peer 0x55f1a78da6e0 (20 bytes)
1762503457.182611 sending message 105 to peer 0x55f1a78da6e0 (16 bytes)
1762503457.182616 sending message 105 to peer 0x55f1a78da6e0 (104 bytes)
1762503457.182621 sending message 105 to peer 0x55f1a78da6e0 (38 bytes)
1762503457.182626 sending message 105 to peer 0x55f1a78da6e0 (54 bytes)
1762503457.182631 sending message 105 to peer 0x55f1a78da6e0 (30 bytes)
1762503457.182636 sending message 105 to peer 0x55f1a78da6e0 (29 bytes)
1762503457.182640 sending message 105 to peer 0x55f1a78da6e0 (23 bytes)
1762503457.182645 sending message 105 to peer 0x55f1a78da6e0 (16 bytes)
1762503457.182650 sending message 105 to peer 0x55f1a78da6e0 (22 bytes)
1762503457.182655 sending message 106 to peer 0x55f1a78da6e0 (0 bytes)
1762503457.182762 sending message 200 to peer 0x55f1a78da6e0 (4 bytes)
1762503457.182772 client loop enter
1762503457.200975 peer 0x55f1a78da6e0 message 207
1762503457.201075 sending message 208 to peer 0x55f1a78da6e0 (0 bytes)
1762503473.111957 peer 0x55f1a78da6e0 message 201
1762503473.112004 sending message 205 to peer 0x55f1a78da6e0 (0 bytes)
1762503473.112788 peer 0x55f1a78da6e0 message 204
1762503473.112844 client loop exit
